2017-05-22 15:58:54.466 [main:1456] [org.apache.hadoop.util.Shell] - [ ERROR]  Failed to locate the winutils binary in the hadoop binary path
java.io.IOException: Could not locate executable null\bin\winutils.exe in the Hadoop binaries.
	at org.apache.hadoop.util.Shell.getQualifiedBinPath(Shell.java:278)
	at org.apache.hadoop.util.Shell.getWinUtilsPath(Shell.java:300)
	at org.apache.hadoop.util.Shell.<clinit>(Shell.java:293)
	at org.apache.hadoop.util.StringUtils.<clinit>(StringUtils.java:76)
	at org.apache.hadoop.conf.Configuration.getStrings(Configuration.java:1514)
	at org.apache.hadoop.hbase.zookeeper.ZKConfig.makeZKProps(ZKConfig.java:113)
	at org.apache.hadoop.hbase.zookeeper.ZKConfig.getZKQuorumServersString(ZKConfig.java:259)
	at org.apache.hadoop.hbase.zookeeper.ZooKeeperWatcher.<init>(ZooKeeperWatcher.java:159)
	at org.apache.hadoop.hbase.zookeeper.ZooKeeperWatcher.<init>(ZooKeeperWatcher.java:134)
	at org.apache.hadoop.hbase.client.ZooKeeperKeepAliveConnection.<init>(ZooKeeperKeepAliveConnection.java:43)
	at org.apache.hadoop.hbase.client.HConnectionManager$HConnectionImplementation.getKeepAliveZooKeeperWatcher(HConnectionManager.java:1748)
	at org.apache.hadoop.hbase.client.ZooKeeperRegistry.getClusterId(ZooKeeperRegistry.java:82)
	at org.apache.hadoop.hbase.client.HConnectionManager$HConnectionImplementation.retrieveClusterId(HConnectionManager.java:839)
	at org.apache.hadoop.hbase.client.HConnectionManager$HConnectionImplementation.<init>(HConnectionManager.java:642)
	at sun.reflect.NativeConstructorAccessorImpl.newInstance0(Native Method)
	at sun.reflect.NativeConstructorAccessorImpl.newInstance(NativeConstructorAccessorImpl.java:57)
	at sun.reflect.DelegatingConstructorAccessorImpl.newInstance(DelegatingConstructorAccessorImpl.java:45)
	at java.lang.reflect.Constructor.newInstance(Constructor.java:526)
	at org.apache.hadoop.hbase.client.HConnectionManager.createConnection(HConnectionManager.java:411)
	at org.apache.hadoop.hbase.client.HConnectionManager.createConnection(HConnectionManager.java:390)
	at org.apache.hadoop.hbase.client.HConnectionManager.getConnection(HConnectionManager.java:271)
	at org.apache.hadoop.hbase.client.HBaseAdmin.<init>(HBaseAdmin.java:194)
	at com.gaotianye.springboot.spider.utils.HbaseUtils.<init>(HbaseUtils.java:59)
	at com.gaotianye.springboot.spider.utils.HbaseUtils.main(HbaseUtils.java:65)
2017-05-22 16:00:53.082 [main:8663] [org.apache.hadoop.util.Shell] - [ ERROR]  Failed to locate the winutils binary in the hadoop binary path
java.io.IOException: Could not locate executable null\bin\winutils.exe in the Hadoop binaries.
	at org.apache.hadoop.util.Shell.getQualifiedBinPath(Shell.java:278)
	at org.apache.hadoop.util.Shell.getWinUtilsPath(Shell.java:300)
	at org.apache.hadoop.util.Shell.<clinit>(Shell.java:293)
	at org.apache.hadoop.util.StringUtils.<clinit>(StringUtils.java:76)
	at org.apache.hadoop.conf.Configuration.getStrings(Configuration.java:1514)
	at org.apache.hadoop.hbase.zookeeper.ZKConfig.makeZKProps(ZKConfig.java:113)
	at org.apache.hadoop.hbase.zookeeper.ZKConfig.getZKQuorumServersString(ZKConfig.java:259)
	at org.apache.hadoop.hbase.zookeeper.ZooKeeperWatcher.<init>(ZooKeeperWatcher.java:159)
	at org.apache.hadoop.hbase.zookeeper.ZooKeeperWatcher.<init>(ZooKeeperWatcher.java:134)
	at org.apache.hadoop.hbase.client.ZooKeeperKeepAliveConnection.<init>(ZooKeeperKeepAliveConnection.java:43)
	at org.apache.hadoop.hbase.client.HConnectionManager$HConnectionImplementation.getKeepAliveZooKeeperWatcher(HConnectionManager.java:1748)
	at org.apache.hadoop.hbase.client.ZooKeeperRegistry.getClusterId(ZooKeeperRegistry.java:82)
	at org.apache.hadoop.hbase.client.HConnectionManager$HConnectionImplementation.retrieveClusterId(HConnectionManager.java:839)
	at org.apache.hadoop.hbase.client.HConnectionManager$HConnectionImplementation.<init>(HConnectionManager.java:642)
	at sun.reflect.NativeConstructorAccessorImpl.newInstance0(Native Method)
	at sun.reflect.NativeConstructorAccessorImpl.newInstance(NativeConstructorAccessorImpl.java:57)
	at sun.reflect.DelegatingConstructorAccessorImpl.newInstance(DelegatingConstructorAccessorImpl.java:45)
	at java.lang.reflect.Constructor.newInstance(Constructor.java:526)
	at org.apache.hadoop.hbase.client.HConnectionManager.createConnection(HConnectionManager.java:411)
	at org.apache.hadoop.hbase.client.HConnectionManager.createConnection(HConnectionManager.java:390)
	at org.apache.hadoop.hbase.client.HConnectionManager.getConnection(HConnectionManager.java:271)
	at org.apache.hadoop.hbase.client.HBaseAdmin.<init>(HBaseAdmin.java:194)
	at com.gaotianye.springboot.spider.utils.HbaseUtils.<init>(HbaseUtils.java:59)
	at com.gaotianye.springboot.spider.SpiderApplicationTests.hbaseTest(SpiderApplicationTests.java:71)
	at sun.reflect.NativeMethodAccessorImpl.invoke0(Native Method)
	at sun.reflect.NativeMethodAccessorImpl.invoke(NativeMethodAccessorImpl.java:57)
	at sun.reflect.DelegatingMethodAccessorImpl.invoke(DelegatingMethodAccessorImpl.java:43)
	at java.lang.reflect.Method.invoke(Method.java:606)
	at org.junit.runners.model.FrameworkMethod$1.runReflectiveCall(FrameworkMethod.java:50)
	at org.junit.internal.runners.model.ReflectiveCallable.run(ReflectiveCallable.java:12)
	at org.junit.runners.model.FrameworkMethod.invokeExplosively(FrameworkMethod.java:47)
	at org.junit.internal.runners.statements.InvokeMethod.evaluate(InvokeMethod.java:17)
	at org.springframework.test.context.junit4.statements.RunBeforeTestMethodCallbacks.evaluate(RunBeforeTestMethodCallbacks.java:75)
	at org.springframework.test.context.junit4.statements.RunAfterTestMethodCallbacks.evaluate(RunAfterTestMethodCallbacks.java:86)
	at org.springframework.test.context.junit4.statements.SpringRepeat.evaluate(SpringRepeat.java:84)
	at org.junit.runners.ParentRunner.runLeaf(ParentRunner.java:325)
	at org.springframework.test.context.junit4.SpringJUnit4ClassRunner.runChild(SpringJUnit4ClassRunner.java:252)
	at org.springframework.test.context.junit4.SpringJUnit4ClassRunner.runChild(SpringJUnit4ClassRunner.java:94)
	at org.junit.runners.ParentRunner$3.run(ParentRunner.java:290)
	at org.junit.runners.ParentRunner$1.schedule(ParentRunner.java:71)
	at org.junit.runners.ParentRunner.runChildren(ParentRunner.java:288)
	at org.junit.runners.ParentRunner.access$000(ParentRunner.java:58)
	at org.junit.runners.ParentRunner$2.evaluate(ParentRunner.java:268)
	at org.springframework.test.context.junit4.statements.RunBeforeTestClassCallbacks.evaluate(RunBeforeTestClassCallbacks.java:61)
	at org.springframework.test.context.junit4.statements.RunAfterTestClassCallbacks.evaluate(RunAfterTestClassCallbacks.java:70)
	at org.junit.runners.ParentRunner.run(ParentRunner.java:363)
	at org.springframework.test.context.junit4.SpringJUnit4ClassRunner.run(SpringJUnit4ClassRunner.java:191)
	at org.eclipse.jdt.internal.junit4.runner.JUnit4TestReference.run(JUnit4TestReference.java:86)
	at org.eclipse.jdt.internal.junit.runner.TestExecution.run(TestExecution.java:38)
	at org.eclipse.jdt.internal.junit.runner.RemoteTestRunner.runTests(RemoteTestRunner.java:459)
	at org.eclipse.jdt.internal.junit.runner.RemoteTestRunner.runTests(RemoteTestRunner.java:675)
	at org.eclipse.jdt.internal.junit.runner.RemoteTestRunner.run(RemoteTestRunner.java:382)
	at org.eclipse.jdt.internal.junit.runner.RemoteTestRunner.main(RemoteTestRunner.java:192)
2017-05-22 16:05:31.627 [main:6916] [org.apache.hadoop.util.Shell] - [ ERROR]  Failed to locate the winutils binary in the hadoop binary path
java.io.IOException: Could not locate executable null\bin\winutils.exe in the Hadoop binaries.
	at org.apache.hadoop.util.Shell.getQualifiedBinPath(Shell.java:278)
	at org.apache.hadoop.util.Shell.getWinUtilsPath(Shell.java:300)
	at org.apache.hadoop.util.Shell.<clinit>(Shell.java:293)
	at org.apache.hadoop.util.StringUtils.<clinit>(StringUtils.java:76)
	at org.apache.hadoop.conf.Configuration.getStrings(Configuration.java:1514)
	at org.apache.hadoop.hbase.zookeeper.ZKConfig.makeZKProps(ZKConfig.java:113)
	at org.apache.hadoop.hbase.zookeeper.ZKConfig.getZKQuorumServersString(ZKConfig.java:259)
	at org.apache.hadoop.hbase.zookeeper.ZooKeeperWatcher.<init>(ZooKeeperWatcher.java:159)
	at org.apache.hadoop.hbase.zookeeper.ZooKeeperWatcher.<init>(ZooKeeperWatcher.java:134)
	at org.apache.hadoop.hbase.client.ZooKeeperKeepAliveConnection.<init>(ZooKeeperKeepAliveConnection.java:43)
	at org.apache.hadoop.hbase.client.HConnectionManager$HConnectionImplementation.getKeepAliveZooKeeperWatcher(HConnectionManager.java:1748)
	at org.apache.hadoop.hbase.client.ZooKeeperRegistry.getClusterId(ZooKeeperRegistry.java:82)
	at org.apache.hadoop.hbase.client.HConnectionManager$HConnectionImplementation.retrieveClusterId(HConnectionManager.java:839)
	at org.apache.hadoop.hbase.client.HConnectionManager$HConnectionImplementation.<init>(HConnectionManager.java:642)
	at sun.reflect.NativeConstructorAccessorImpl.newInstance0(Native Method)
	at sun.reflect.NativeConstructorAccessorImpl.newInstance(NativeConstructorAccessorImpl.java:57)
	at sun.reflect.DelegatingConstructorAccessorImpl.newInstance(DelegatingConstructorAccessorImpl.java:45)
	at java.lang.reflect.Constructor.newInstance(Constructor.java:526)
	at org.apache.hadoop.hbase.client.HConnectionManager.createConnection(HConnectionManager.java:411)
	at org.apache.hadoop.hbase.client.HConnectionManager.createConnection(HConnectionManager.java:390)
	at org.apache.hadoop.hbase.client.HConnectionManager.getConnection(HConnectionManager.java:271)
	at org.apache.hadoop.hbase.client.HBaseAdmin.<init>(HBaseAdmin.java:194)
	at com.gaotianye.springboot.spider.utils.HbaseUtils.<init>(HbaseUtils.java:59)
	at com.gaotianye.springboot.spider.SpiderApplicationTests.hbaseTest(SpiderApplicationTests.java:71)
	at sun.reflect.NativeMethodAccessorImpl.invoke0(Native Method)
	at sun.reflect.NativeMethodAccessorImpl.invoke(NativeMethodAccessorImpl.java:57)
	at sun.reflect.DelegatingMethodAccessorImpl.invoke(DelegatingMethodAccessorImpl.java:43)
	at java.lang.reflect.Method.invoke(Method.java:606)
	at org.junit.runners.model.FrameworkMethod$1.runReflectiveCall(FrameworkMethod.java:50)
	at org.junit.internal.runners.model.ReflectiveCallable.run(ReflectiveCallable.java:12)
	at org.junit.runners.model.FrameworkMethod.invokeExplosively(FrameworkMethod.java:47)
	at org.junit.internal.runners.statements.InvokeMethod.evaluate(InvokeMethod.java:17)
	at org.springframework.test.context.junit4.statements.RunBeforeTestMethodCallbacks.evaluate(RunBeforeTestMethodCallbacks.java:75)
	at org.springframework.test.context.junit4.statements.RunAfterTestMethodCallbacks.evaluate(RunAfterTestMethodCallbacks.java:86)
	at org.springframework.test.context.junit4.statements.SpringRepeat.evaluate(SpringRepeat.java:84)
	at org.junit.runners.ParentRunner.runLeaf(ParentRunner.java:325)
	at org.springframework.test.context.junit4.SpringJUnit4ClassRunner.runChild(SpringJUnit4ClassRunner.java:252)
	at org.springframework.test.context.junit4.SpringJUnit4ClassRunner.runChild(SpringJUnit4ClassRunner.java:94)
	at org.junit.runners.ParentRunner$3.run(ParentRunner.java:290)
	at org.junit.runners.ParentRunner$1.schedule(ParentRunner.java:71)
	at org.junit.runners.ParentRunner.runChildren(ParentRunner.java:288)
	at org.junit.runners.ParentRunner.access$000(ParentRunner.java:58)
	at org.junit.runners.ParentRunner$2.evaluate(ParentRunner.java:268)
	at org.springframework.test.context.junit4.statements.RunBeforeTestClassCallbacks.evaluate(RunBeforeTestClassCallbacks.java:61)
	at org.springframework.test.context.junit4.statements.RunAfterTestClassCallbacks.evaluate(RunAfterTestClassCallbacks.java:70)
	at org.junit.runners.ParentRunner.run(ParentRunner.java:363)
	at org.springframework.test.context.junit4.SpringJUnit4ClassRunner.run(SpringJUnit4ClassRunner.java:191)
	at org.eclipse.jdt.internal.junit4.runner.JUnit4TestReference.run(JUnit4TestReference.java:86)
	at org.eclipse.jdt.internal.junit.runner.TestExecution.run(TestExecution.java:38)
	at org.eclipse.jdt.internal.junit.runner.RemoteTestRunner.runTests(RemoteTestRunner.java:459)
	at org.eclipse.jdt.internal.junit.runner.RemoteTestRunner.runTests(RemoteTestRunner.java:675)
	at org.eclipse.jdt.internal.junit.runner.RemoteTestRunner.run(RemoteTestRunner.java:382)
	at org.eclipse.jdt.internal.junit.runner.RemoteTestRunner.main(RemoteTestRunner.java:192)
