2017-05-23 11:12:08.041 [main:1473] [org.apache.hadoop.util.Shell] - [ ERROR]  Failed to locate the winutils binary in the hadoop binary path
java.io.IOException: Could not locate executable null\bin\winutils.exe in the Hadoop binaries.
	at org.apache.hadoop.util.Shell.getQualifiedBinPath(Shell.java:278)
	at org.apache.hadoop.util.Shell.getWinUtilsPath(Shell.java:300)
	at org.apache.hadoop.util.Shell.<clinit>(Shell.java:293)
	at org.apache.hadoop.util.StringUtils.<clinit>(StringUtils.java:76)
	at org.apache.hadoop.conf.Configuration.getStrings(Configuration.java:1514)
	at org.apache.hadoop.hbase.zookeeper.ZKConfig.makeZKProps(ZKConfig.java:113)
	at org.apache.hadoop.hbase.zookeeper.ZKConfig.getZKQuorumServersString(ZKConfig.java:259)
	at org.apache.hadoop.hbase.zookeeper.ZooKeeperWatcher.<init>(ZooKeeperWatcher.java:159)
	at org.apache.hadoop.hbase.zookeeper.ZooKeeperWatcher.<init>(ZooKeeperWatcher.java:134)
	at org.apache.hadoop.hbase.client.ZooKeeperKeepAliveConnection.<init>(ZooKeeperKeepAliveConnection.java:43)
	at org.apache.hadoop.hbase.client.HConnectionManager$HConnectionImplementation.getKeepAliveZooKeeperWatcher(HConnectionManager.java:1748)
	at org.apache.hadoop.hbase.client.ZooKeeperRegistry.getClusterId(ZooKeeperRegistry.java:82)
	at org.apache.hadoop.hbase.client.HConnectionManager$HConnectionImplementation.retrieveClusterId(HConnectionManager.java:839)
	at org.apache.hadoop.hbase.client.HConnectionManager$HConnectionImplementation.<init>(HConnectionManager.java:642)
	at sun.reflect.NativeConstructorAccessorImpl.newInstance0(Native Method)
	at sun.reflect.NativeConstructorAccessorImpl.newInstance(NativeConstructorAccessorImpl.java:57)
	at sun.reflect.DelegatingConstructorAccessorImpl.newInstance(DelegatingConstructorAccessorImpl.java:45)
	at java.lang.reflect.Constructor.newInstance(Constructor.java:526)
	at org.apache.hadoop.hbase.client.HConnectionManager.createConnection(HConnectionManager.java:411)
	at org.apache.hadoop.hbase.client.HConnectionManager.createConnection(HConnectionManager.java:390)
	at org.apache.hadoop.hbase.client.HConnectionManager.getConnection(HConnectionManager.java:271)
	at org.apache.hadoop.hbase.client.HBaseAdmin.<init>(HBaseAdmin.java:194)
	at com.gaotianye.springboot.spider.utils.HbaseUtils.<init>(HbaseUtils.java:59)
	at com.gaotianye.springboot.spider.utils.HbaseUtils.main(HbaseUtils.java:66)
2017-05-23 11:12:27.624 [main:21056] [o.a.h.h.z.RecoverableZooKeeper] - [ ERROR]  ZooKeeper exists failed after 4 attempts
2017-05-23 11:12:27.626 [main:21058] [o.a.h.h.zookeeper.ZooKeeperWatcher] - [ ERROR]  hconnection-0x4ec6ca37, quorum=mmm:2181, baseZNode=/hbase Received unexpected KeeperException, re-throwing exception
org.apache.zookeeper.KeeperException$OperationTimeoutException: KeeperErrorCode = OperationTimeout
	at org.apache.hadoop.hbase.zookeeper.RecoverableZooKeeper.checkZk(RecoverableZooKeeper.java:145)
	at org.apache.hadoop.hbase.zookeeper.RecoverableZooKeeper.exists(RecoverableZooKeeper.java:222)
	at org.apache.hadoop.hbase.zookeeper.ZKUtil.checkExists(ZKUtil.java:479)
	at org.apache.hadoop.hbase.zookeeper.ZKClusterId.readClusterIdZNode(ZKClusterId.java:65)
	at org.apache.hadoop.hbase.client.ZooKeeperRegistry.getClusterId(ZooKeeperRegistry.java:83)
	at org.apache.hadoop.hbase.client.HConnectionManager$HConnectionImplementation.retrieveClusterId(HConnectionManager.java:839)
	at org.apache.hadoop.hbase.client.HConnectionManager$HConnectionImplementation.<init>(HConnectionManager.java:642)
	at sun.reflect.NativeConstructorAccessorImpl.newInstance0(Native Method)
	at sun.reflect.NativeConstructorAccessorImpl.newInstance(NativeConstructorAccessorImpl.java:57)
	at sun.reflect.DelegatingConstructorAccessorImpl.newInstance(DelegatingConstructorAccessorImpl.java:45)
	at java.lang.reflect.Constructor.newInstance(Constructor.java:526)
	at org.apache.hadoop.hbase.client.HConnectionManager.createConnection(HConnectionManager.java:411)
	at org.apache.hadoop.hbase.client.HConnectionManager.createConnection(HConnectionManager.java:390)
	at org.apache.hadoop.hbase.client.HConnectionManager.getConnection(HConnectionManager.java:271)
	at org.apache.hadoop.hbase.client.HBaseAdmin.<init>(HBaseAdmin.java:194)
	at com.gaotianye.springboot.spider.utils.HbaseUtils.<init>(HbaseUtils.java:59)
	at com.gaotianye.springboot.spider.utils.HbaseUtils.main(HbaseUtils.java:66)
2017-05-23 11:14:01.701 [main:6648] [org.apache.hadoop.util.Shell] - [ ERROR]  Failed to locate the winutils binary in the hadoop binary path
java.io.IOException: Could not locate executable null\bin\winutils.exe in the Hadoop binaries.
	at org.apache.hadoop.util.Shell.getQualifiedBinPath(Shell.java:278)
	at org.apache.hadoop.util.Shell.getWinUtilsPath(Shell.java:300)
	at org.apache.hadoop.util.Shell.<clinit>(Shell.java:293)
	at org.apache.hadoop.util.StringUtils.<clinit>(StringUtils.java:76)
	at org.apache.hadoop.conf.Configuration.getStrings(Configuration.java:1514)
	at org.apache.hadoop.hbase.zookeeper.ZKConfig.makeZKProps(ZKConfig.java:113)
	at org.apache.hadoop.hbase.zookeeper.ZKConfig.getZKQuorumServersString(ZKConfig.java:259)
	at org.apache.hadoop.hbase.zookeeper.ZooKeeperWatcher.<init>(ZooKeeperWatcher.java:159)
	at org.apache.hadoop.hbase.zookeeper.ZooKeeperWatcher.<init>(ZooKeeperWatcher.java:134)
	at org.apache.hadoop.hbase.client.ZooKeeperKeepAliveConnection.<init>(ZooKeeperKeepAliveConnection.java:43)
	at org.apache.hadoop.hbase.client.HConnectionManager$HConnectionImplementation.getKeepAliveZooKeeperWatcher(HConnectionManager.java:1748)
	at org.apache.hadoop.hbase.client.ZooKeeperRegistry.getClusterId(ZooKeeperRegistry.java:82)
	at org.apache.hadoop.hbase.client.HConnectionManager$HConnectionImplementation.retrieveClusterId(HConnectionManager.java:839)
	at org.apache.hadoop.hbase.client.HConnectionManager$HConnectionImplementation.<init>(HConnectionManager.java:642)
	at sun.reflect.NativeConstructorAccessorImpl.newInstance0(Native Method)
	at sun.reflect.NativeConstructorAccessorImpl.newInstance(NativeConstructorAccessorImpl.java:57)
	at sun.reflect.DelegatingConstructorAccessorImpl.newInstance(DelegatingConstructorAccessorImpl.java:45)
	at java.lang.reflect.Constructor.newInstance(Constructor.java:526)
	at org.apache.hadoop.hbase.client.HConnectionManager.createConnection(HConnectionManager.java:411)
	at org.apache.hadoop.hbase.client.HConnectionManager.createConnection(HConnectionManager.java:390)
	at org.apache.hadoop.hbase.client.HConnectionManager.getConnection(HConnectionManager.java:271)
	at org.apache.hadoop.hbase.client.HBaseAdmin.<init>(HBaseAdmin.java:194)
	at com.gaotianye.springboot.spider.utils.HbaseUtils.<init>(HbaseUtils.java:59)
	at com.gaotianye.springboot.spider.SpiderApplicationTests.hbaseTest(SpiderApplicationTests.java:71)
	at sun.reflect.NativeMethodAccessorImpl.invoke0(Native Method)
	at sun.reflect.NativeMethodAccessorImpl.invoke(NativeMethodAccessorImpl.java:57)
	at sun.reflect.DelegatingMethodAccessorImpl.invoke(DelegatingMethodAccessorImpl.java:43)
	at java.lang.reflect.Method.invoke(Method.java:606)
	at org.junit.runners.model.FrameworkMethod$1.runReflectiveCall(FrameworkMethod.java:50)
	at org.junit.internal.runners.model.ReflectiveCallable.run(ReflectiveCallable.java:12)
	at org.junit.runners.model.FrameworkMethod.invokeExplosively(FrameworkMethod.java:47)
	at org.junit.internal.runners.statements.InvokeMethod.evaluate(InvokeMethod.java:17)
	at org.springframework.test.context.junit4.statements.RunBeforeTestMethodCallbacks.evaluate(RunBeforeTestMethodCallbacks.java:75)
	at org.springframework.test.context.junit4.statements.RunAfterTestMethodCallbacks.evaluate(RunAfterTestMethodCallbacks.java:86)
	at org.springframework.test.context.junit4.statements.SpringRepeat.evaluate(SpringRepeat.java:84)
	at org.junit.runners.ParentRunner.runLeaf(ParentRunner.java:325)
	at org.springframework.test.context.junit4.SpringJUnit4ClassRunner.runChild(SpringJUnit4ClassRunner.java:252)
	at org.springframework.test.context.junit4.SpringJUnit4ClassRunner.runChild(SpringJUnit4ClassRunner.java:94)
	at org.junit.runners.ParentRunner$3.run(ParentRunner.java:290)
	at org.junit.runners.ParentRunner$1.schedule(ParentRunner.java:71)
	at org.junit.runners.ParentRunner.runChildren(ParentRunner.java:288)
	at org.junit.runners.ParentRunner.access$000(ParentRunner.java:58)
	at org.junit.runners.ParentRunner$2.evaluate(ParentRunner.java:268)
	at org.springframework.test.context.junit4.statements.RunBeforeTestClassCallbacks.evaluate(RunBeforeTestClassCallbacks.java:61)
	at org.springframework.test.context.junit4.statements.RunAfterTestClassCallbacks.evaluate(RunAfterTestClassCallbacks.java:70)
	at org.junit.runners.ParentRunner.run(ParentRunner.java:363)
	at org.springframework.test.context.junit4.SpringJUnit4ClassRunner.run(SpringJUnit4ClassRunner.java:191)
	at org.apache.maven.surefire.junit4.JUnit4Provider.execute(JUnit4Provider.java:283)
	at org.apache.maven.surefire.junit4.JUnit4Provider.executeWithRerun(JUnit4Provider.java:173)
	at org.apache.maven.surefire.junit4.JUnit4Provider.executeTestSet(JUnit4Provider.java:153)
	at org.apache.maven.surefire.junit4.JUnit4Provider.invoke(JUnit4Provider.java:128)
	at org.apache.maven.surefire.booter.ForkedBooter.invokeProviderInSameClassLoader(ForkedBooter.java:203)
	at org.apache.maven.surefire.booter.ForkedBooter.runSuitesInProcess(ForkedBooter.java:155)
	at org.apache.maven.surefire.booter.ForkedBooter.main(ForkedBooter.java:103)
2017-05-23 11:14:21.327 [main:26274] [o.a.h.h.z.RecoverableZooKeeper] - [ ERROR]  ZooKeeper exists failed after 4 attempts
2017-05-23 11:14:21.328 [main:26275] [o.a.h.h.zookeeper.ZooKeeperWatcher] - [ ERROR]  hconnection-0x253e5341, quorum=mmm:2181, baseZNode=/hbase Received unexpected KeeperException, re-throwing exception
org.apache.zookeeper.KeeperException$OperationTimeoutException: KeeperErrorCode = OperationTimeout
	at org.apache.hadoop.hbase.zookeeper.RecoverableZooKeeper.checkZk(RecoverableZooKeeper.java:145)
	at org.apache.hadoop.hbase.zookeeper.RecoverableZooKeeper.exists(RecoverableZooKeeper.java:222)
	at org.apache.hadoop.hbase.zookeeper.ZKUtil.checkExists(ZKUtil.java:479)
	at org.apache.hadoop.hbase.zookeeper.ZKClusterId.readClusterIdZNode(ZKClusterId.java:65)
	at org.apache.hadoop.hbase.client.ZooKeeperRegistry.getClusterId(ZooKeeperRegistry.java:83)
	at org.apache.hadoop.hbase.client.HConnectionManager$HConnectionImplementation.retrieveClusterId(HConnectionManager.java:839)
	at org.apache.hadoop.hbase.client.HConnectionManager$HConnectionImplementation.<init>(HConnectionManager.java:642)
	at sun.reflect.NativeConstructorAccessorImpl.newInstance0(Native Method)
	at sun.reflect.NativeConstructorAccessorImpl.newInstance(NativeConstructorAccessorImpl.java:57)
	at sun.reflect.DelegatingConstructorAccessorImpl.newInstance(DelegatingConstructorAccessorImpl.java:45)
	at java.lang.reflect.Constructor.newInstance(Constructor.java:526)
	at org.apache.hadoop.hbase.client.HConnectionManager.createConnection(HConnectionManager.java:411)
	at org.apache.hadoop.hbase.client.HConnectionManager.createConnection(HConnectionManager.java:390)
	at org.apache.hadoop.hbase.client.HConnectionManager.getConnection(HConnectionManager.java:271)
	at org.apache.hadoop.hbase.client.HBaseAdmin.<init>(HBaseAdmin.java:194)
	at com.gaotianye.springboot.spider.utils.HbaseUtils.<init>(HbaseUtils.java:59)
	at com.gaotianye.springboot.spider.SpiderApplicationTests.hbaseTest(SpiderApplicationTests.java:71)
	at sun.reflect.NativeMethodAccessorImpl.invoke0(Native Method)
	at sun.reflect.NativeMethodAccessorImpl.invoke(NativeMethodAccessorImpl.java:57)
	at sun.reflect.DelegatingMethodAccessorImpl.invoke(DelegatingMethodAccessorImpl.java:43)
	at java.lang.reflect.Method.invoke(Method.java:606)
	at org.junit.runners.model.FrameworkMethod$1.runReflectiveCall(FrameworkMethod.java:50)
	at org.junit.internal.runners.model.ReflectiveCallable.run(ReflectiveCallable.java:12)
	at org.junit.runners.model.FrameworkMethod.invokeExplosively(FrameworkMethod.java:47)
	at org.junit.internal.runners.statements.InvokeMethod.evaluate(InvokeMethod.java:17)
	at org.springframework.test.context.junit4.statements.RunBeforeTestMethodCallbacks.evaluate(RunBeforeTestMethodCallbacks.java:75)
	at org.springframework.test.context.junit4.statements.RunAfterTestMethodCallbacks.evaluate(RunAfterTestMethodCallbacks.java:86)
	at org.springframework.test.context.junit4.statements.SpringRepeat.evaluate(SpringRepeat.java:84)
	at org.junit.runners.ParentRunner.runLeaf(ParentRunner.java:325)
	at org.springframework.test.context.junit4.SpringJUnit4ClassRunner.runChild(SpringJUnit4ClassRunner.java:252)
	at org.springframework.test.context.junit4.SpringJUnit4ClassRunner.runChild(SpringJUnit4ClassRunner.java:94)
	at org.junit.runners.ParentRunner$3.run(ParentRunner.java:290)
	at org.junit.runners.ParentRunner$1.schedule(ParentRunner.java:71)
	at org.junit.runners.ParentRunner.runChildren(ParentRunner.java:288)
	at org.junit.runners.ParentRunner.access$000(ParentRunner.java:58)
	at org.junit.runners.ParentRunner$2.evaluate(ParentRunner.java:268)
	at org.springframework.test.context.junit4.statements.RunBeforeTestClassCallbacks.evaluate(RunBeforeTestClassCallbacks.java:61)
	at org.springframework.test.context.junit4.statements.RunAfterTestClassCallbacks.evaluate(RunAfterTestClassCallbacks.java:70)
	at org.junit.runners.ParentRunner.run(ParentRunner.java:363)
	at org.springframework.test.context.junit4.SpringJUnit4ClassRunner.run(SpringJUnit4ClassRunner.java:191)
	at org.apache.maven.surefire.junit4.JUnit4Provider.execute(JUnit4Provider.java:283)
	at org.apache.maven.surefire.junit4.JUnit4Provider.executeWithRerun(JUnit4Provider.java:173)
	at org.apache.maven.surefire.junit4.JUnit4Provider.executeTestSet(JUnit4Provider.java:153)
	at org.apache.maven.surefire.junit4.JUnit4Provider.invoke(JUnit4Provider.java:128)
	at org.apache.maven.surefire.booter.ForkedBooter.invokeProviderInSameClassLoader(ForkedBooter.java:203)
	at org.apache.maven.surefire.booter.ForkedBooter.runSuitesInProcess(ForkedBooter.java:155)
	at org.apache.maven.surefire.booter.ForkedBooter.main(ForkedBooter.java:103)
2017-05-23 11:14:38.635 [main:43582] [o.a.h.h.z.RecoverableZooKeeper] - [ ERROR]  ZooKeeper exists failed after 4 attempts
2017-05-23 11:14:38.636 [main:43583] [o.a.h.h.zookeeper.ZooKeeperWatcher] - [ ERROR]  catalogtracker-on-hconnection-0x253e5341, quorum=mmm:2181, baseZNode=/hbase Received unexpected KeeperException, re-throwing exception
org.apache.zookeeper.KeeperException$OperationTimeoutException: KeeperErrorCode = OperationTimeout
	at org.apache.hadoop.hbase.zookeeper.RecoverableZooKeeper.checkZk(RecoverableZooKeeper.java:145)
	at org.apache.hadoop.hbase.zookeeper.RecoverableZooKeeper.exists(RecoverableZooKeeper.java:222)
	at org.apache.hadoop.hbase.zookeeper.ZKUtil.watchAndCheckExists(ZKUtil.java:425)
	at org.apache.hadoop.hbase.zookeeper.ZooKeeperNodeTracker.start(ZooKeeperNodeTracker.java:77)
	at org.apache.hadoop.hbase.catalog.CatalogTracker.start(CatalogTracker.java:199)
	at org.apache.hadoop.hbase.client.HBaseAdmin.startCatalogTracker(HBaseAdmin.java:261)
	at org.apache.hadoop.hbase.client.HBaseAdmin.getCatalogTracker(HBaseAdmin.java:234)
	at org.apache.hadoop.hbase.client.HBaseAdmin.tableExists(HBaseAdmin.java:305)
	at org.apache.hadoop.hbase.client.HBaseAdmin.tableExists(HBaseAdmin.java:321)
	at com.gaotianye.springboot.spider.utils.HbaseUtils.createTable(HbaseUtils.java:250)
	at com.gaotianye.springboot.spider.SpiderApplicationTests.hbaseTest(SpiderApplicationTests.java:72)
	at sun.reflect.NativeMethodAccessorImpl.invoke0(Native Method)
	at sun.reflect.NativeMethodAccessorImpl.invoke(NativeMethodAccessorImpl.java:57)
	at sun.reflect.DelegatingMethodAccessorImpl.invoke(DelegatingMethodAccessorImpl.java:43)
	at java.lang.reflect.Method.invoke(Method.java:606)
	at org.junit.runners.model.FrameworkMethod$1.runReflectiveCall(FrameworkMethod.java:50)
	at org.junit.internal.runners.model.ReflectiveCallable.run(ReflectiveCallable.java:12)
	at org.junit.runners.model.FrameworkMethod.invokeExplosively(FrameworkMethod.java:47)
	at org.junit.internal.runners.statements.InvokeMethod.evaluate(InvokeMethod.java:17)
	at org.springframework.test.context.junit4.statements.RunBeforeTestMethodCallbacks.evaluate(RunBeforeTestMethodCallbacks.java:75)
	at org.springframework.test.context.junit4.statements.RunAfterTestMethodCallbacks.evaluate(RunAfterTestMethodCallbacks.java:86)
	at org.springframework.test.context.junit4.statements.SpringRepeat.evaluate(SpringRepeat.java:84)
	at org.junit.runners.ParentRunner.runLeaf(ParentRunner.java:325)
	at org.springframework.test.context.junit4.SpringJUnit4ClassRunner.runChild(SpringJUnit4ClassRunner.java:252)
	at org.springframework.test.context.junit4.SpringJUnit4ClassRunner.runChild(SpringJUnit4ClassRunner.java:94)
	at org.junit.runners.ParentRunner$3.run(ParentRunner.java:290)
	at org.junit.runners.ParentRunner$1.schedule(ParentRunner.java:71)
	at org.junit.runners.ParentRunner.runChildren(ParentRunner.java:288)
	at org.junit.runners.ParentRunner.access$000(ParentRunner.java:58)
	at org.junit.runners.ParentRunner$2.evaluate(ParentRunner.java:268)
	at org.springframework.test.context.junit4.statements.RunBeforeTestClassCallbacks.evaluate(RunBeforeTestClassCallbacks.java:61)
	at org.springframework.test.context.junit4.statements.RunAfterTestClassCallbacks.evaluate(RunAfterTestClassCallbacks.java:70)
	at org.junit.runners.ParentRunner.run(ParentRunner.java:363)
	at org.springframework.test.context.junit4.SpringJUnit4ClassRunner.run(SpringJUnit4ClassRunner.java:191)
	at org.apache.maven.surefire.junit4.JUnit4Provider.execute(JUnit4Provider.java:283)
	at org.apache.maven.surefire.junit4.JUnit4Provider.executeWithRerun(JUnit4Provider.java:173)
	at org.apache.maven.surefire.junit4.JUnit4Provider.executeTestSet(JUnit4Provider.java:153)
	at org.apache.maven.surefire.junit4.JUnit4Provider.invoke(JUnit4Provider.java:128)
	at org.apache.maven.surefire.booter.ForkedBooter.invokeProviderInSameClassLoader(ForkedBooter.java:203)
	at org.apache.maven.surefire.booter.ForkedBooter.runSuitesInProcess(ForkedBooter.java:155)
	at org.apache.maven.surefire.booter.ForkedBooter.main(ForkedBooter.java:103)
2017-05-23 11:14:38.637 [main:43584] [o.a.h.h.c.HConnectionManager$HConnectionImplementation] - [ ERROR]  Unexpected exception during initialization, aborting
org.apache.zookeeper.KeeperException$OperationTimeoutException: KeeperErrorCode = OperationTimeout
	at org.apache.hadoop.hbase.zookeeper.RecoverableZooKeeper.checkZk(RecoverableZooKeeper.java:145)
	at org.apache.hadoop.hbase.zookeeper.RecoverableZooKeeper.exists(RecoverableZooKeeper.java:222)
	at org.apache.hadoop.hbase.zookeeper.ZKUtil.watchAndCheckExists(ZKUtil.java:425)
	at org.apache.hadoop.hbase.zookeeper.ZooKeeperNodeTracker.start(ZooKeeperNodeTracker.java:77)
	at org.apache.hadoop.hbase.catalog.CatalogTracker.start(CatalogTracker.java:199)
	at org.apache.hadoop.hbase.client.HBaseAdmin.startCatalogTracker(HBaseAdmin.java:261)
	at org.apache.hadoop.hbase.client.HBaseAdmin.getCatalogTracker(HBaseAdmin.java:234)
	at org.apache.hadoop.hbase.client.HBaseAdmin.tableExists(HBaseAdmin.java:305)
	at org.apache.hadoop.hbase.client.HBaseAdmin.tableExists(HBaseAdmin.java:321)
	at com.gaotianye.springboot.spider.utils.HbaseUtils.createTable(HbaseUtils.java:250)
	at com.gaotianye.springboot.spider.SpiderApplicationTests.hbaseTest(SpiderApplicationTests.java:72)
	at sun.reflect.NativeMethodAccessorImpl.invoke0(Native Method)
	at sun.reflect.NativeMethodAccessorImpl.invoke(NativeMethodAccessorImpl.java:57)
	at sun.reflect.DelegatingMethodAccessorImpl.invoke(DelegatingMethodAccessorImpl.java:43)
	at java.lang.reflect.Method.invoke(Method.java:606)
	at org.junit.runners.model.FrameworkMethod$1.runReflectiveCall(FrameworkMethod.java:50)
	at org.junit.internal.runners.model.ReflectiveCallable.run(ReflectiveCallable.java:12)
	at org.junit.runners.model.FrameworkMethod.invokeExplosively(FrameworkMethod.java:47)
	at org.junit.internal.runners.statements.InvokeMethod.evaluate(InvokeMethod.java:17)
	at org.springframework.test.context.junit4.statements.RunBeforeTestMethodCallbacks.evaluate(RunBeforeTestMethodCallbacks.java:75)
	at org.springframework.test.context.junit4.statements.RunAfterTestMethodCallbacks.evaluate(RunAfterTestMethodCallbacks.java:86)
	at org.springframework.test.context.junit4.statements.SpringRepeat.evaluate(SpringRepeat.java:84)
	at org.junit.runners.ParentRunner.runLeaf(ParentRunner.java:325)
	at org.springframework.test.context.junit4.SpringJUnit4ClassRunner.runChild(SpringJUnit4ClassRunner.java:252)
	at org.springframework.test.context.junit4.SpringJUnit4ClassRunner.runChild(SpringJUnit4ClassRunner.java:94)
	at org.junit.runners.ParentRunner$3.run(ParentRunner.java:290)
	at org.junit.runners.ParentRunner$1.schedule(ParentRunner.java:71)
	at org.junit.runners.ParentRunner.runChildren(ParentRunner.java:288)
	at org.junit.runners.ParentRunner.access$000(ParentRunner.java:58)
	at org.junit.runners.ParentRunner$2.evaluate(ParentRunner.java:268)
	at org.springframework.test.context.junit4.statements.RunBeforeTestClassCallbacks.evaluate(RunBeforeTestClassCallbacks.java:61)
	at org.springframework.test.context.junit4.statements.RunAfterTestClassCallbacks.evaluate(RunAfterTestClassCallbacks.java:70)
	at org.junit.runners.ParentRunner.run(ParentRunner.java:363)
	at org.springframework.test.context.junit4.SpringJUnit4ClassRunner.run(SpringJUnit4ClassRunner.java:191)
	at org.apache.maven.surefire.junit4.JUnit4Provider.execute(JUnit4Provider.java:283)
	at org.apache.maven.surefire.junit4.JUnit4Provider.executeWithRerun(JUnit4Provider.java:173)
	at org.apache.maven.surefire.junit4.JUnit4Provider.executeTestSet(JUnit4Provider.java:153)
	at org.apache.maven.surefire.junit4.JUnit4Provider.invoke(JUnit4Provider.java:128)
	at org.apache.maven.surefire.booter.ForkedBooter.invokeProviderInSameClassLoader(ForkedBooter.java:203)
	at org.apache.maven.surefire.booter.ForkedBooter.runSuitesInProcess(ForkedBooter.java:155)
	at org.apache.maven.surefire.booter.ForkedBooter.main(ForkedBooter.java:103)
2017-05-23 11:14:51.414 [main:6331] [org.apache.hadoop.util.Shell] - [ ERROR]  Failed to locate the winutils binary in the hadoop binary path
java.io.IOException: Could not locate executable null\bin\winutils.exe in the Hadoop binaries.
	at org.apache.hadoop.util.Shell.getQualifiedBinPath(Shell.java:278)
	at org.apache.hadoop.util.Shell.getWinUtilsPath(Shell.java:300)
	at org.apache.hadoop.util.Shell.<clinit>(Shell.java:293)
	at org.apache.hadoop.util.StringUtils.<clinit>(StringUtils.java:76)
	at org.apache.hadoop.conf.Configuration.getStrings(Configuration.java:1514)
	at org.apache.hadoop.hbase.zookeeper.ZKConfig.makeZKProps(ZKConfig.java:113)
	at org.apache.hadoop.hbase.zookeeper.ZKConfig.getZKQuorumServersString(ZKConfig.java:259)
	at org.apache.hadoop.hbase.zookeeper.ZooKeeperWatcher.<init>(ZooKeeperWatcher.java:159)
	at org.apache.hadoop.hbase.zookeeper.ZooKeeperWatcher.<init>(ZooKeeperWatcher.java:134)
	at org.apache.hadoop.hbase.client.ZooKeeperKeepAliveConnection.<init>(ZooKeeperKeepAliveConnection.java:43)
	at org.apache.hadoop.hbase.client.HConnectionManager$HConnectionImplementation.getKeepAliveZooKeeperWatcher(HConnectionManager.java:1748)
	at org.apache.hadoop.hbase.client.ZooKeeperRegistry.getClusterId(ZooKeeperRegistry.java:82)
	at org.apache.hadoop.hbase.client.HConnectionManager$HConnectionImplementation.retrieveClusterId(HConnectionManager.java:839)
	at org.apache.hadoop.hbase.client.HConnectionManager$HConnectionImplementation.<init>(HConnectionManager.java:642)
	at sun.reflect.NativeConstructorAccessorImpl.newInstance0(Native Method)
	at sun.reflect.NativeConstructorAccessorImpl.newInstance(NativeConstructorAccessorImpl.java:57)
	at sun.reflect.DelegatingConstructorAccessorImpl.newInstance(DelegatingConstructorAccessorImpl.java:45)
	at java.lang.reflect.Constructor.newInstance(Constructor.java:526)
	at org.apache.hadoop.hbase.client.HConnectionManager.createConnection(HConnectionManager.java:411)
	at org.apache.hadoop.hbase.client.HConnectionManager.createConnection(HConnectionManager.java:390)
	at org.apache.hadoop.hbase.client.HConnectionManager.getConnection(HConnectionManager.java:271)
	at org.apache.hadoop.hbase.client.HBaseAdmin.<init>(HBaseAdmin.java:194)
	at com.gaotianye.springboot.spider.utils.HbaseUtils.<init>(HbaseUtils.java:59)
	at com.gaotianye.springboot.spider.SpiderApplicationTests.hbaseTest(SpiderApplicationTests.java:71)
	at sun.reflect.NativeMethodAccessorImpl.invoke0(Native Method)
	at sun.reflect.NativeMethodAccessorImpl.invoke(NativeMethodAccessorImpl.java:57)
	at sun.reflect.DelegatingMethodAccessorImpl.invoke(DelegatingMethodAccessorImpl.java:43)
	at java.lang.reflect.Method.invoke(Method.java:606)
	at org.junit.runners.model.FrameworkMethod$1.runReflectiveCall(FrameworkMethod.java:50)
	at org.junit.internal.runners.model.ReflectiveCallable.run(ReflectiveCallable.java:12)
	at org.junit.runners.model.FrameworkMethod.invokeExplosively(FrameworkMethod.java:47)
	at org.junit.internal.runners.statements.InvokeMethod.evaluate(InvokeMethod.java:17)
	at org.springframework.test.context.junit4.statements.RunBeforeTestMethodCallbacks.evaluate(RunBeforeTestMethodCallbacks.java:75)
	at org.springframework.test.context.junit4.statements.RunAfterTestMethodCallbacks.evaluate(RunAfterTestMethodCallbacks.java:86)
	at org.springframework.test.context.junit4.statements.SpringRepeat.evaluate(SpringRepeat.java:84)
	at org.junit.runners.ParentRunner.runLeaf(ParentRunner.java:325)
	at org.springframework.test.context.junit4.SpringJUnit4ClassRunner.runChild(SpringJUnit4ClassRunner.java:252)
	at org.springframework.test.context.junit4.SpringJUnit4ClassRunner.runChild(SpringJUnit4ClassRunner.java:94)
	at org.junit.runners.ParentRunner$3.run(ParentRunner.java:290)
	at org.junit.runners.ParentRunner$1.schedule(ParentRunner.java:71)
	at org.junit.runners.ParentRunner.runChildren(ParentRunner.java:288)
	at org.junit.runners.ParentRunner.access$000(ParentRunner.java:58)
	at org.junit.runners.ParentRunner$2.evaluate(ParentRunner.java:268)
	at org.springframework.test.context.junit4.statements.RunBeforeTestClassCallbacks.evaluate(RunBeforeTestClassCallbacks.java:61)
	at org.springframework.test.context.junit4.statements.RunAfterTestClassCallbacks.evaluate(RunAfterTestClassCallbacks.java:70)
	at org.junit.runners.ParentRunner.run(ParentRunner.java:363)
	at org.springframework.test.context.junit4.SpringJUnit4ClassRunner.run(SpringJUnit4ClassRunner.java:191)
	at org.apache.maven.surefire.junit4.JUnit4Provider.execute(JUnit4Provider.java:283)
	at org.apache.maven.surefire.junit4.JUnit4Provider.executeWithRerun(JUnit4Provider.java:173)
	at org.apache.maven.surefire.junit4.JUnit4Provider.executeTestSet(JUnit4Provider.java:153)
	at org.apache.maven.surefire.junit4.JUnit4Provider.invoke(JUnit4Provider.java:128)
	at org.apache.maven.surefire.booter.ForkedBooter.invokeProviderInSameClassLoader(ForkedBooter.java:203)
	at org.apache.maven.surefire.booter.ForkedBooter.runSuitesInProcess(ForkedBooter.java:155)
	at org.apache.maven.surefire.booter.ForkedBooter.main(ForkedBooter.java:103)
2017-05-23 11:15:11.039 [main:25956] [o.a.h.h.z.RecoverableZooKeeper] - [ ERROR]  ZooKeeper exists failed after 4 attempts
2017-05-23 11:15:11.042 [main:25959] [o.a.h.h.zookeeper.ZooKeeperWatcher] - [ ERROR]  hconnection-0x6baac817, quorum=mmm:2181, baseZNode=/hbase Received unexpected KeeperException, re-throwing exception
org.apache.zookeeper.KeeperException$OperationTimeoutException: KeeperErrorCode = OperationTimeout
	at org.apache.hadoop.hbase.zookeeper.RecoverableZooKeeper.checkZk(RecoverableZooKeeper.java:145)
	at org.apache.hadoop.hbase.zookeeper.RecoverableZooKeeper.exists(RecoverableZooKeeper.java:222)
	at org.apache.hadoop.hbase.zookeeper.ZKUtil.checkExists(ZKUtil.java:479)
	at org.apache.hadoop.hbase.zookeeper.ZKClusterId.readClusterIdZNode(ZKClusterId.java:65)
	at org.apache.hadoop.hbase.client.ZooKeeperRegistry.getClusterId(ZooKeeperRegistry.java:83)
	at org.apache.hadoop.hbase.client.HConnectionManager$HConnectionImplementation.retrieveClusterId(HConnectionManager.java:839)
	at org.apache.hadoop.hbase.client.HConnectionManager$HConnectionImplementation.<init>(HConnectionManager.java:642)
	at sun.reflect.NativeConstructorAccessorImpl.newInstance0(Native Method)
	at sun.reflect.NativeConstructorAccessorImpl.newInstance(NativeConstructorAccessorImpl.java:57)
	at sun.reflect.DelegatingConstructorAccessorImpl.newInstance(DelegatingConstructorAccessorImpl.java:45)
	at java.lang.reflect.Constructor.newInstance(Constructor.java:526)
	at org.apache.hadoop.hbase.client.HConnectionManager.createConnection(HConnectionManager.java:411)
	at org.apache.hadoop.hbase.client.HConnectionManager.createConnection(HConnectionManager.java:390)
	at org.apache.hadoop.hbase.client.HConnectionManager.getConnection(HConnectionManager.java:271)
	at org.apache.hadoop.hbase.client.HBaseAdmin.<init>(HBaseAdmin.java:194)
	at com.gaotianye.springboot.spider.utils.HbaseUtils.<init>(HbaseUtils.java:59)
	at com.gaotianye.springboot.spider.SpiderApplicationTests.hbaseTest(SpiderApplicationTests.java:71)
	at sun.reflect.NativeMethodAccessorImpl.invoke0(Native Method)
	at sun.reflect.NativeMethodAccessorImpl.invoke(NativeMethodAccessorImpl.java:57)
	at sun.reflect.DelegatingMethodAccessorImpl.invoke(DelegatingMethodAccessorImpl.java:43)
	at java.lang.reflect.Method.invoke(Method.java:606)
	at org.junit.runners.model.FrameworkMethod$1.runReflectiveCall(FrameworkMethod.java:50)
	at org.junit.internal.runners.model.ReflectiveCallable.run(ReflectiveCallable.java:12)
	at org.junit.runners.model.FrameworkMethod.invokeExplosively(FrameworkMethod.java:47)
	at org.junit.internal.runners.statements.InvokeMethod.evaluate(InvokeMethod.java:17)
	at org.springframework.test.context.junit4.statements.RunBeforeTestMethodCallbacks.evaluate(RunBeforeTestMethodCallbacks.java:75)
	at org.springframework.test.context.junit4.statements.RunAfterTestMethodCallbacks.evaluate(RunAfterTestMethodCallbacks.java:86)
	at org.springframework.test.context.junit4.statements.SpringRepeat.evaluate(SpringRepeat.java:84)
	at org.junit.runners.ParentRunner.runLeaf(ParentRunner.java:325)
	at org.springframework.test.context.junit4.SpringJUnit4ClassRunner.runChild(SpringJUnit4ClassRunner.java:252)
	at org.springframework.test.context.junit4.SpringJUnit4ClassRunner.runChild(SpringJUnit4ClassRunner.java:94)
	at org.junit.runners.ParentRunner$3.run(ParentRunner.java:290)
	at org.junit.runners.ParentRunner$1.schedule(ParentRunner.java:71)
	at org.junit.runners.ParentRunner.runChildren(ParentRunner.java:288)
	at org.junit.runners.ParentRunner.access$000(ParentRunner.java:58)
	at org.junit.runners.ParentRunner$2.evaluate(ParentRunner.java:268)
	at org.springframework.test.context.junit4.statements.RunBeforeTestClassCallbacks.evaluate(RunBeforeTestClassCallbacks.java:61)
	at org.springframework.test.context.junit4.statements.RunAfterTestClassCallbacks.evaluate(RunAfterTestClassCallbacks.java:70)
	at org.junit.runners.ParentRunner.run(ParentRunner.java:363)
	at org.springframework.test.context.junit4.SpringJUnit4ClassRunner.run(SpringJUnit4ClassRunner.java:191)
	at org.apache.maven.surefire.junit4.JUnit4Provider.execute(JUnit4Provider.java:283)
	at org.apache.maven.surefire.junit4.JUnit4Provider.executeWithRerun(JUnit4Provider.java:173)
	at org.apache.maven.surefire.junit4.JUnit4Provider.executeTestSet(JUnit4Provider.java:153)
	at org.apache.maven.surefire.junit4.JUnit4Provider.invoke(JUnit4Provider.java:128)
	at org.apache.maven.surefire.booter.ForkedBooter.invokeProviderInSameClassLoader(ForkedBooter.java:203)
	at org.apache.maven.surefire.booter.ForkedBooter.runSuitesInProcess(ForkedBooter.java:155)
	at org.apache.maven.surefire.booter.ForkedBooter.main(ForkedBooter.java:103)
2017-05-23 11:15:28.363 [main:43280] [o.a.h.h.z.RecoverableZooKeeper] - [ ERROR]  ZooKeeper exists failed after 4 attempts
2017-05-23 11:15:28.367 [main:43284] [o.a.h.h.zookeeper.ZooKeeperWatcher] - [ ERROR]  catalogtracker-on-hconnection-0x6baac817, quorum=mmm:2181, baseZNode=/hbase Received unexpected KeeperException, re-throwing exception
org.apache.zookeeper.KeeperException$OperationTimeoutException: KeeperErrorCode = OperationTimeout
	at org.apache.hadoop.hbase.zookeeper.RecoverableZooKeeper.checkZk(RecoverableZooKeeper.java:145)
	at org.apache.hadoop.hbase.zookeeper.RecoverableZooKeeper.exists(RecoverableZooKeeper.java:222)
	at org.apache.hadoop.hbase.zookeeper.ZKUtil.watchAndCheckExists(ZKUtil.java:425)
	at org.apache.hadoop.hbase.zookeeper.ZooKeeperNodeTracker.start(ZooKeeperNodeTracker.java:77)
	at org.apache.hadoop.hbase.catalog.CatalogTracker.start(CatalogTracker.java:199)
	at org.apache.hadoop.hbase.client.HBaseAdmin.startCatalogTracker(HBaseAdmin.java:261)
	at org.apache.hadoop.hbase.client.HBaseAdmin.getCatalogTracker(HBaseAdmin.java:234)
	at org.apache.hadoop.hbase.client.HBaseAdmin.tableExists(HBaseAdmin.java:305)
	at org.apache.hadoop.hbase.client.HBaseAdmin.tableExists(HBaseAdmin.java:321)
	at com.gaotianye.springboot.spider.utils.HbaseUtils.createTable(HbaseUtils.java:250)
	at com.gaotianye.springboot.spider.SpiderApplicationTests.hbaseTest(SpiderApplicationTests.java:72)
	at sun.reflect.NativeMethodAccessorImpl.invoke0(Native Method)
	at sun.reflect.NativeMethodAccessorImpl.invoke(NativeMethodAccessorImpl.java:57)
	at sun.reflect.DelegatingMethodAccessorImpl.invoke(DelegatingMethodAccessorImpl.java:43)
	at java.lang.reflect.Method.invoke(Method.java:606)
	at org.junit.runners.model.FrameworkMethod$1.runReflectiveCall(FrameworkMethod.java:50)
	at org.junit.internal.runners.model.ReflectiveCallable.run(ReflectiveCallable.java:12)
	at org.junit.runners.model.FrameworkMethod.invokeExplosively(FrameworkMethod.java:47)
	at org.junit.internal.runners.statements.InvokeMethod.evaluate(InvokeMethod.java:17)
	at org.springframework.test.context.junit4.statements.RunBeforeTestMethodCallbacks.evaluate(RunBeforeTestMethodCallbacks.java:75)
	at org.springframework.test.context.junit4.statements.RunAfterTestMethodCallbacks.evaluate(RunAfterTestMethodCallbacks.java:86)
	at org.springframework.test.context.junit4.statements.SpringRepeat.evaluate(SpringRepeat.java:84)
	at org.junit.runners.ParentRunner.runLeaf(ParentRunner.java:325)
	at org.springframework.test.context.junit4.SpringJUnit4ClassRunner.runChild(SpringJUnit4ClassRunner.java:252)
	at org.springframework.test.context.junit4.SpringJUnit4ClassRunner.runChild(SpringJUnit4ClassRunner.java:94)
	at org.junit.runners.ParentRunner$3.run(ParentRunner.java:290)
	at org.junit.runners.ParentRunner$1.schedule(ParentRunner.java:71)
	at org.junit.runners.ParentRunner.runChildren(ParentRunner.java:288)
	at org.junit.runners.ParentRunner.access$000(ParentRunner.java:58)
	at org.junit.runners.ParentRunner$2.evaluate(ParentRunner.java:268)
	at org.springframework.test.context.junit4.statements.RunBeforeTestClassCallbacks.evaluate(RunBeforeTestClassCallbacks.java:61)
	at org.springframework.test.context.junit4.statements.RunAfterTestClassCallbacks.evaluate(RunAfterTestClassCallbacks.java:70)
	at org.junit.runners.ParentRunner.run(ParentRunner.java:363)
	at org.springframework.test.context.junit4.SpringJUnit4ClassRunner.run(SpringJUnit4ClassRunner.java:191)
	at org.apache.maven.surefire.junit4.JUnit4Provider.execute(JUnit4Provider.java:283)
	at org.apache.maven.surefire.junit4.JUnit4Provider.executeWithRerun(JUnit4Provider.java:173)
	at org.apache.maven.surefire.junit4.JUnit4Provider.executeTestSet(JUnit4Provider.java:153)
	at org.apache.maven.surefire.junit4.JUnit4Provider.invoke(JUnit4Provider.java:128)
	at org.apache.maven.surefire.booter.ForkedBooter.invokeProviderInSameClassLoader(ForkedBooter.java:203)
	at org.apache.maven.surefire.booter.ForkedBooter.runSuitesInProcess(ForkedBooter.java:155)
	at org.apache.maven.surefire.booter.ForkedBooter.main(ForkedBooter.java:103)
2017-05-23 11:15:28.368 [main:43285] [o.a.h.h.c.HConnectionManager$HConnectionImplementation] - [ ERROR]  Unexpected exception during initialization, aborting
org.apache.zookeeper.KeeperException$OperationTimeoutException: KeeperErrorCode = OperationTimeout
	at org.apache.hadoop.hbase.zookeeper.RecoverableZooKeeper.checkZk(RecoverableZooKeeper.java:145)
	at org.apache.hadoop.hbase.zookeeper.RecoverableZooKeeper.exists(RecoverableZooKeeper.java:222)
	at org.apache.hadoop.hbase.zookeeper.ZKUtil.watchAndCheckExists(ZKUtil.java:425)
	at org.apache.hadoop.hbase.zookeeper.ZooKeeperNodeTracker.start(ZooKeeperNodeTracker.java:77)
	at org.apache.hadoop.hbase.catalog.CatalogTracker.start(CatalogTracker.java:199)
	at org.apache.hadoop.hbase.client.HBaseAdmin.startCatalogTracker(HBaseAdmin.java:261)
	at org.apache.hadoop.hbase.client.HBaseAdmin.getCatalogTracker(HBaseAdmin.java:234)
	at org.apache.hadoop.hbase.client.HBaseAdmin.tableExists(HBaseAdmin.java:305)
	at org.apache.hadoop.hbase.client.HBaseAdmin.tableExists(HBaseAdmin.java:321)
	at com.gaotianye.springboot.spider.utils.HbaseUtils.createTable(HbaseUtils.java:250)
	at com.gaotianye.springboot.spider.SpiderApplicationTests.hbaseTest(SpiderApplicationTests.java:72)
	at sun.reflect.NativeMethodAccessorImpl.invoke0(Native Method)
	at sun.reflect.NativeMethodAccessorImpl.invoke(NativeMethodAccessorImpl.java:57)
	at sun.reflect.DelegatingMethodAccessorImpl.invoke(DelegatingMethodAccessorImpl.java:43)
	at java.lang.reflect.Method.invoke(Method.java:606)
	at org.junit.runners.model.FrameworkMethod$1.runReflectiveCall(FrameworkMethod.java:50)
	at org.junit.internal.runners.model.ReflectiveCallable.run(ReflectiveCallable.java:12)
	at org.junit.runners.model.FrameworkMethod.invokeExplosively(FrameworkMethod.java:47)
	at org.junit.internal.runners.statements.InvokeMethod.evaluate(InvokeMethod.java:17)
	at org.springframework.test.context.junit4.statements.RunBeforeTestMethodCallbacks.evaluate(RunBeforeTestMethodCallbacks.java:75)
	at org.springframework.test.context.junit4.statements.RunAfterTestMethodCallbacks.evaluate(RunAfterTestMethodCallbacks.java:86)
	at org.springframework.test.context.junit4.statements.SpringRepeat.evaluate(SpringRepeat.java:84)
	at org.junit.runners.ParentRunner.runLeaf(ParentRunner.java:325)
	at org.springframework.test.context.junit4.SpringJUnit4ClassRunner.runChild(SpringJUnit4ClassRunner.java:252)
	at org.springframework.test.context.junit4.SpringJUnit4ClassRunner.runChild(SpringJUnit4ClassRunner.java:94)
	at org.junit.runners.ParentRunner$3.run(ParentRunner.java:290)
	at org.junit.runners.ParentRunner$1.schedule(ParentRunner.java:71)
	at org.junit.runners.ParentRunner.runChildren(ParentRunner.java:288)
	at org.junit.runners.ParentRunner.access$000(ParentRunner.java:58)
	at org.junit.runners.ParentRunner$2.evaluate(ParentRunner.java:268)
	at org.springframework.test.context.junit4.statements.RunBeforeTestClassCallbacks.evaluate(RunBeforeTestClassCallbacks.java:61)
	at org.springframework.test.context.junit4.statements.RunAfterTestClassCallbacks.evaluate(RunAfterTestClassCallbacks.java:70)
	at org.junit.runners.ParentRunner.run(ParentRunner.java:363)
	at org.springframework.test.context.junit4.SpringJUnit4ClassRunner.run(SpringJUnit4ClassRunner.java:191)
	at org.apache.maven.surefire.junit4.JUnit4Provider.execute(JUnit4Provider.java:283)
	at org.apache.maven.surefire.junit4.JUnit4Provider.executeWithRerun(JUnit4Provider.java:173)
	at org.apache.maven.surefire.junit4.JUnit4Provider.executeTestSet(JUnit4Provider.java:153)
	at org.apache.maven.surefire.junit4.JUnit4Provider.invoke(JUnit4Provider.java:128)
	at org.apache.maven.surefire.booter.ForkedBooter.invokeProviderInSameClassLoader(ForkedBooter.java:203)
	at org.apache.maven.surefire.booter.ForkedBooter.runSuitesInProcess(ForkedBooter.java:155)
	at org.apache.maven.surefire.booter.ForkedBooter.main(ForkedBooter.java:103)
2017-05-23 11:18:12.610 [main:1213] [org.apache.hadoop.util.Shell] - [ ERROR]  Failed to locate the winutils binary in the hadoop binary path
java.io.IOException: Could not locate executable null\bin\winutils.exe in the Hadoop binaries.
	at org.apache.hadoop.util.Shell.getQualifiedBinPath(Shell.java:278)
	at org.apache.hadoop.util.Shell.getWinUtilsPath(Shell.java:300)
	at org.apache.hadoop.util.Shell.<clinit>(Shell.java:293)
	at org.apache.hadoop.util.StringUtils.<clinit>(StringUtils.java:76)
	at org.apache.hadoop.conf.Configuration.getStrings(Configuration.java:1514)
	at org.apache.hadoop.hbase.zookeeper.ZKConfig.makeZKProps(ZKConfig.java:113)
	at org.apache.hadoop.hbase.zookeeper.ZKConfig.getZKQuorumServersString(ZKConfig.java:259)
	at org.apache.hadoop.hbase.zookeeper.ZooKeeperWatcher.<init>(ZooKeeperWatcher.java:159)
	at org.apache.hadoop.hbase.zookeeper.ZooKeeperWatcher.<init>(ZooKeeperWatcher.java:134)
	at org.apache.hadoop.hbase.client.ZooKeeperKeepAliveConnection.<init>(ZooKeeperKeepAliveConnection.java:43)
	at org.apache.hadoop.hbase.client.HConnectionManager$HConnectionImplementation.getKeepAliveZooKeeperWatcher(HConnectionManager.java:1748)
	at org.apache.hadoop.hbase.client.ZooKeeperRegistry.getClusterId(ZooKeeperRegistry.java:82)
	at org.apache.hadoop.hbase.client.HConnectionManager$HConnectionImplementation.retrieveClusterId(HConnectionManager.java:839)
	at org.apache.hadoop.hbase.client.HConnectionManager$HConnectionImplementation.<init>(HConnectionManager.java:642)
	at sun.reflect.NativeConstructorAccessorImpl.newInstance0(Native Method)
	at sun.reflect.NativeConstructorAccessorImpl.newInstance(NativeConstructorAccessorImpl.java:57)
	at sun.reflect.DelegatingConstructorAccessorImpl.newInstance(DelegatingConstructorAccessorImpl.java:45)
	at java.lang.reflect.Constructor.newInstance(Constructor.java:526)
	at org.apache.hadoop.hbase.client.HConnectionManager.createConnection(HConnectionManager.java:411)
	at org.apache.hadoop.hbase.client.HConnectionManager.createConnection(HConnectionManager.java:390)
	at org.apache.hadoop.hbase.client.HConnectionManager.getConnection(HConnectionManager.java:271)
	at org.apache.hadoop.hbase.client.HBaseAdmin.<init>(HBaseAdmin.java:194)
	at com.gaotianye.springboot.spider.utils.HbaseUtils.<init>(HbaseUtils.java:59)
	at com.gaotianye.springboot.spider.utils.HbaseUtils.main(HbaseUtils.java:66)
2017-05-23 11:34:55.218 [main:6587] [org.apache.hadoop.util.Shell] - [ ERROR]  Failed to locate the winutils binary in the hadoop binary path
java.io.IOException: Could not locate executable null\bin\winutils.exe in the Hadoop binaries.
	at org.apache.hadoop.util.Shell.getQualifiedBinPath(Shell.java:278)
	at org.apache.hadoop.util.Shell.getWinUtilsPath(Shell.java:300)
	at org.apache.hadoop.util.Shell.<clinit>(Shell.java:293)
	at org.apache.hadoop.util.StringUtils.<clinit>(StringUtils.java:76)
	at org.apache.hadoop.conf.Configuration.getStrings(Configuration.java:1514)
	at org.apache.hadoop.hbase.zookeeper.ZKConfig.makeZKProps(ZKConfig.java:113)
	at org.apache.hadoop.hbase.zookeeper.ZKConfig.getZKQuorumServersString(ZKConfig.java:259)
	at org.apache.hadoop.hbase.zookeeper.ZooKeeperWatcher.<init>(ZooKeeperWatcher.java:159)
	at org.apache.hadoop.hbase.zookeeper.ZooKeeperWatcher.<init>(ZooKeeperWatcher.java:134)
	at org.apache.hadoop.hbase.client.ZooKeeperKeepAliveConnection.<init>(ZooKeeperKeepAliveConnection.java:43)
	at org.apache.hadoop.hbase.client.HConnectionManager$HConnectionImplementation.getKeepAliveZooKeeperWatcher(HConnectionManager.java:1748)
	at org.apache.hadoop.hbase.client.ZooKeeperRegistry.getClusterId(ZooKeeperRegistry.java:82)
	at org.apache.hadoop.hbase.client.HConnectionManager$HConnectionImplementation.retrieveClusterId(HConnectionManager.java:839)
	at org.apache.hadoop.hbase.client.HConnectionManager$HConnectionImplementation.<init>(HConnectionManager.java:642)
	at sun.reflect.NativeConstructorAccessorImpl.newInstance0(Native Method)
	at sun.reflect.NativeConstructorAccessorImpl.newInstance(NativeConstructorAccessorImpl.java:57)
	at sun.reflect.DelegatingConstructorAccessorImpl.newInstance(DelegatingConstructorAccessorImpl.java:45)
	at java.lang.reflect.Constructor.newInstance(Constructor.java:526)
	at org.apache.hadoop.hbase.client.HConnectionManager.createConnection(HConnectionManager.java:411)
	at org.apache.hadoop.hbase.client.HConnectionManager.createConnection(HConnectionManager.java:390)
	at org.apache.hadoop.hbase.client.HConnectionManager.getConnection(HConnectionManager.java:271)
	at org.apache.hadoop.hbase.client.HBaseAdmin.<init>(HBaseAdmin.java:194)
	at com.gaotianye.springboot.spider.utils.HbaseUtils.<clinit>(HbaseUtils.java:59)
	at com.gaotianye.springboot.spider.SpiderApplicationTests.hbaseTest(SpiderApplicationTests.java:71)
	at sun.reflect.NativeMethodAccessorImpl.invoke0(Native Method)
	at sun.reflect.NativeMethodAccessorImpl.invoke(NativeMethodAccessorImpl.java:57)
	at sun.reflect.DelegatingMethodAccessorImpl.invoke(DelegatingMethodAccessorImpl.java:43)
	at java.lang.reflect.Method.invoke(Method.java:606)
	at org.junit.runners.model.FrameworkMethod$1.runReflectiveCall(FrameworkMethod.java:50)
	at org.junit.internal.runners.model.ReflectiveCallable.run(ReflectiveCallable.java:12)
	at org.junit.runners.model.FrameworkMethod.invokeExplosively(FrameworkMethod.java:47)
	at org.junit.internal.runners.statements.InvokeMethod.evaluate(InvokeMethod.java:17)
	at org.springframework.test.context.junit4.statements.RunBeforeTestMethodCallbacks.evaluate(RunBeforeTestMethodCallbacks.java:75)
	at org.springframework.test.context.junit4.statements.RunAfterTestMethodCallbacks.evaluate(RunAfterTestMethodCallbacks.java:86)
	at org.springframework.test.context.junit4.statements.SpringRepeat.evaluate(SpringRepeat.java:84)
	at org.junit.runners.ParentRunner.runLeaf(ParentRunner.java:325)
	at org.springframework.test.context.junit4.SpringJUnit4ClassRunner.runChild(SpringJUnit4ClassRunner.java:252)
	at org.springframework.test.context.junit4.SpringJUnit4ClassRunner.runChild(SpringJUnit4ClassRunner.java:94)
	at org.junit.runners.ParentRunner$3.run(ParentRunner.java:290)
	at org.junit.runners.ParentRunner$1.schedule(ParentRunner.java:71)
	at org.junit.runners.ParentRunner.runChildren(ParentRunner.java:288)
	at org.junit.runners.ParentRunner.access$000(ParentRunner.java:58)
	at org.junit.runners.ParentRunner$2.evaluate(ParentRunner.java:268)
	at org.springframework.test.context.junit4.statements.RunBeforeTestClassCallbacks.evaluate(RunBeforeTestClassCallbacks.java:61)
	at org.springframework.test.context.junit4.statements.RunAfterTestClassCallbacks.evaluate(RunAfterTestClassCallbacks.java:70)
	at org.junit.runners.ParentRunner.run(ParentRunner.java:363)
	at org.springframework.test.context.junit4.SpringJUnit4ClassRunner.run(SpringJUnit4ClassRunner.java:191)
	at org.eclipse.jdt.internal.junit4.runner.JUnit4TestReference.run(JUnit4TestReference.java:86)
	at org.eclipse.jdt.internal.junit.runner.TestExecution.run(TestExecution.java:38)
	at org.eclipse.jdt.internal.junit.runner.RemoteTestRunner.runTests(RemoteTestRunner.java:459)
	at org.eclipse.jdt.internal.junit.runner.RemoteTestRunner.runTests(RemoteTestRunner.java:675)
	at org.eclipse.jdt.internal.junit.runner.RemoteTestRunner.run(RemoteTestRunner.java:382)
	at org.eclipse.jdt.internal.junit.runner.RemoteTestRunner.main(RemoteTestRunner.java:192)
2017-05-23 11:35:35.235 [main:6316] [org.apache.hadoop.util.Shell] - [ ERROR]  Failed to locate the winutils binary in the hadoop binary path
java.io.IOException: Could not locate executable null\bin\winutils.exe in the Hadoop binaries.
	at org.apache.hadoop.util.Shell.getQualifiedBinPath(Shell.java:278)
	at org.apache.hadoop.util.Shell.getWinUtilsPath(Shell.java:300)
	at org.apache.hadoop.util.Shell.<clinit>(Shell.java:293)
	at org.apache.hadoop.util.StringUtils.<clinit>(StringUtils.java:76)
	at org.apache.hadoop.conf.Configuration.getStrings(Configuration.java:1514)
	at org.apache.hadoop.hbase.zookeeper.ZKConfig.makeZKProps(ZKConfig.java:113)
	at org.apache.hadoop.hbase.zookeeper.ZKConfig.getZKQuorumServersString(ZKConfig.java:259)
	at org.apache.hadoop.hbase.zookeeper.ZooKeeperWatcher.<init>(ZooKeeperWatcher.java:159)
	at org.apache.hadoop.hbase.zookeeper.ZooKeeperWatcher.<init>(ZooKeeperWatcher.java:134)
	at org.apache.hadoop.hbase.client.ZooKeeperKeepAliveConnection.<init>(ZooKeeperKeepAliveConnection.java:43)
	at org.apache.hadoop.hbase.client.HConnectionManager$HConnectionImplementation.getKeepAliveZooKeeperWatcher(HConnectionManager.java:1748)
	at org.apache.hadoop.hbase.client.ZooKeeperRegistry.getClusterId(ZooKeeperRegistry.java:82)
	at org.apache.hadoop.hbase.client.HConnectionManager$HConnectionImplementation.retrieveClusterId(HConnectionManager.java:839)
	at org.apache.hadoop.hbase.client.HConnectionManager$HConnectionImplementation.<init>(HConnectionManager.java:642)
	at sun.reflect.NativeConstructorAccessorImpl.newInstance0(Native Method)
	at sun.reflect.NativeConstructorAccessorImpl.newInstance(NativeConstructorAccessorImpl.java:57)
	at sun.reflect.DelegatingConstructorAccessorImpl.newInstance(DelegatingConstructorAccessorImpl.java:45)
	at java.lang.reflect.Constructor.newInstance(Constructor.java:526)
	at org.apache.hadoop.hbase.client.HConnectionManager.createConnection(HConnectionManager.java:411)
	at org.apache.hadoop.hbase.client.HConnectionManager.createConnection(HConnectionManager.java:390)
	at org.apache.hadoop.hbase.client.HConnectionManager.getConnection(HConnectionManager.java:271)
	at org.apache.hadoop.hbase.client.HBaseAdmin.<init>(HBaseAdmin.java:194)
	at com.gaotianye.springboot.spider.utils.HbaseUtils.<clinit>(HbaseUtils.java:59)
	at com.gaotianye.springboot.spider.SpiderApplicationTests.hbaseTest(SpiderApplicationTests.java:71)
	at sun.reflect.NativeMethodAccessorImpl.invoke0(Native Method)
	at sun.reflect.NativeMethodAccessorImpl.invoke(NativeMethodAccessorImpl.java:57)
	at sun.reflect.DelegatingMethodAccessorImpl.invoke(DelegatingMethodAccessorImpl.java:43)
	at java.lang.reflect.Method.invoke(Method.java:606)
	at org.junit.runners.model.FrameworkMethod$1.runReflectiveCall(FrameworkMethod.java:50)
	at org.junit.internal.runners.model.ReflectiveCallable.run(ReflectiveCallable.java:12)
	at org.junit.runners.model.FrameworkMethod.invokeExplosively(FrameworkMethod.java:47)
	at org.junit.internal.runners.statements.InvokeMethod.evaluate(InvokeMethod.java:17)
	at org.springframework.test.context.junit4.statements.RunBeforeTestMethodCallbacks.evaluate(RunBeforeTestMethodCallbacks.java:75)
	at org.springframework.test.context.junit4.statements.RunAfterTestMethodCallbacks.evaluate(RunAfterTestMethodCallbacks.java:86)
	at org.springframework.test.context.junit4.statements.SpringRepeat.evaluate(SpringRepeat.java:84)
	at org.junit.runners.ParentRunner.runLeaf(ParentRunner.java:325)
	at org.springframework.test.context.junit4.SpringJUnit4ClassRunner.runChild(SpringJUnit4ClassRunner.java:252)
	at org.springframework.test.context.junit4.SpringJUnit4ClassRunner.runChild(SpringJUnit4ClassRunner.java:94)
	at org.junit.runners.ParentRunner$3.run(ParentRunner.java:290)
	at org.junit.runners.ParentRunner$1.schedule(ParentRunner.java:71)
	at org.junit.runners.ParentRunner.runChildren(ParentRunner.java:288)
	at org.junit.runners.ParentRunner.access$000(ParentRunner.java:58)
	at org.junit.runners.ParentRunner$2.evaluate(ParentRunner.java:268)
	at org.springframework.test.context.junit4.statements.RunBeforeTestClassCallbacks.evaluate(RunBeforeTestClassCallbacks.java:61)
	at org.springframework.test.context.junit4.statements.RunAfterTestClassCallbacks.evaluate(RunAfterTestClassCallbacks.java:70)
	at org.junit.runners.ParentRunner.run(ParentRunner.java:363)
	at org.springframework.test.context.junit4.SpringJUnit4ClassRunner.run(SpringJUnit4ClassRunner.java:191)
	at org.eclipse.jdt.internal.junit4.runner.JUnit4TestReference.run(JUnit4TestReference.java:86)
	at org.eclipse.jdt.internal.junit.runner.TestExecution.run(TestExecution.java:38)
	at org.eclipse.jdt.internal.junit.runner.RemoteTestRunner.runTests(RemoteTestRunner.java:459)
	at org.eclipse.jdt.internal.junit.runner.RemoteTestRunner.runTests(RemoteTestRunner.java:675)
	at org.eclipse.jdt.internal.junit.runner.RemoteTestRunner.run(RemoteTestRunner.java:382)
	at org.eclipse.jdt.internal.junit.runner.RemoteTestRunner.main(RemoteTestRunner.java:192)
2017-05-23 11:58:52.168 [main:6066] [org.apache.hadoop.util.Shell] - [ ERROR]  Failed to locate the winutils binary in the hadoop binary path
java.io.IOException: Could not locate executable null\bin\winutils.exe in the Hadoop binaries.
	at org.apache.hadoop.util.Shell.getQualifiedBinPath(Shell.java:278)
	at org.apache.hadoop.util.Shell.getWinUtilsPath(Shell.java:300)
	at org.apache.hadoop.util.Shell.<clinit>(Shell.java:293)
	at org.apache.hadoop.util.StringUtils.<clinit>(StringUtils.java:76)
	at org.apache.hadoop.conf.Configuration.getStrings(Configuration.java:1514)
	at org.apache.hadoop.hbase.zookeeper.ZKConfig.makeZKProps(ZKConfig.java:113)
	at org.apache.hadoop.hbase.zookeeper.ZKConfig.getZKQuorumServersString(ZKConfig.java:259)
	at org.apache.hadoop.hbase.zookeeper.ZooKeeperWatcher.<init>(ZooKeeperWatcher.java:159)
	at org.apache.hadoop.hbase.zookeeper.ZooKeeperWatcher.<init>(ZooKeeperWatcher.java:134)
	at org.apache.hadoop.hbase.client.ZooKeeperKeepAliveConnection.<init>(ZooKeeperKeepAliveConnection.java:43)
	at org.apache.hadoop.hbase.client.HConnectionManager$HConnectionImplementation.getKeepAliveZooKeeperWatcher(HConnectionManager.java:1748)
	at org.apache.hadoop.hbase.client.ZooKeeperRegistry.getClusterId(ZooKeeperRegistry.java:82)
	at org.apache.hadoop.hbase.client.HConnectionManager$HConnectionImplementation.retrieveClusterId(HConnectionManager.java:839)
	at org.apache.hadoop.hbase.client.HConnectionManager$HConnectionImplementation.<init>(HConnectionManager.java:642)
	at sun.reflect.NativeConstructorAccessorImpl.newInstance0(Native Method)
	at sun.reflect.NativeConstructorAccessorImpl.newInstance(NativeConstructorAccessorImpl.java:57)
	at sun.reflect.DelegatingConstructorAccessorImpl.newInstance(DelegatingConstructorAccessorImpl.java:45)
	at java.lang.reflect.Constructor.newInstance(Constructor.java:526)
	at org.apache.hadoop.hbase.client.HConnectionManager.createConnection(HConnectionManager.java:411)
	at org.apache.hadoop.hbase.client.HConnectionManager.createConnection(HConnectionManager.java:390)
	at org.apache.hadoop.hbase.client.HConnectionManager.getConnection(HConnectionManager.java:271)
	at org.apache.hadoop.hbase.client.HBaseAdmin.<init>(HBaseAdmin.java:194)
	at com.gaotianye.springboot.spider.db.HbaseUtils.<init>(HbaseUtils.java:61)
	at sun.reflect.NativeConstructorAccessorImpl.newInstance0(Native Method)
	at sun.reflect.NativeConstructorAccessorImpl.newInstance(NativeConstructorAccessorImpl.java:57)
	at sun.reflect.DelegatingConstructorAccessorImpl.newInstance(DelegatingConstructorAccessorImpl.java:45)
	at java.lang.reflect.Constructor.newInstance(Constructor.java:526)
	at org.springframework.beans.BeanUtils.instantiateClass(BeanUtils.java:142)
	at org.springframework.beans.factory.support.SimpleInstantiationStrategy.instantiate(SimpleInstantiationStrategy.java:89)
	at org.springframework.beans.factory.support.AbstractAutowireCapableBeanFactory.instantiateBean(AbstractAutowireCapableBeanFactory.java:1108)
	at org.springframework.beans.factory.support.AbstractAutowireCapableBeanFactory.createBeanInstance(AbstractAutowireCapableBeanFactory.java:1060)
	at org.springframework.beans.factory.support.AbstractAutowireCapableBeanFactory.doCreateBean(AbstractAutowireCapableBeanFactory.java:513)
	at org.springframework.beans.factory.support.AbstractAutowireCapableBeanFactory.createBean(AbstractAutowireCapableBeanFactory.java:483)
	at org.springframework.beans.factory.support.AbstractBeanFactory$1.getObject(AbstractBeanFactory.java:306)
	at org.springframework.beans.factory.support.DefaultSingletonBeanRegistry.getSingleton(DefaultSingletonBeanRegistry.java:230)
	at org.springframework.beans.factory.support.AbstractBeanFactory.doGetBean(AbstractBeanFactory.java:302)
	at org.springframework.beans.factory.support.AbstractBeanFactory.getBean(AbstractBeanFactory.java:197)
	at org.springframework.beans.factory.support.DefaultListableBeanFactory.preInstantiateSingletons(DefaultListableBeanFactory.java:759)
	at org.springframework.context.support.AbstractApplicationContext.finishBeanFactoryInitialization(AbstractApplicationContext.java:866)
	at org.springframework.context.support.AbstractApplicationContext.refresh(AbstractApplicationContext.java:542)
	at org.springframework.boot.context.embedded.EmbeddedWebApplicationContext.refresh(EmbeddedWebApplicationContext.java:122)
	at org.springframework.boot.SpringApplication.refresh(SpringApplication.java:761)
	at org.springframework.boot.SpringApplication.refreshContext(SpringApplication.java:371)
	at org.springframework.boot.SpringApplication.run(SpringApplication.java:315)
	at com.gaotianye.springboot.spider.SpiderApplication.main(SpiderApplication.java:32)
2017-05-23 11:59:11.774 [main:25672] [o.a.h.h.z.RecoverableZooKeeper] - [ ERROR]  ZooKeeper exists failed after 4 attempts
2017-05-23 11:59:11.775 [main:25673] [o.a.h.h.zookeeper.ZooKeeperWatcher] - [ ERROR]  hconnection-0x702cb634, quorum=mmm:2181, baseZNode=/hbase Received unexpected KeeperException, re-throwing exception
org.apache.zookeeper.KeeperException$OperationTimeoutException: KeeperErrorCode = OperationTimeout
	at org.apache.hadoop.hbase.zookeeper.RecoverableZooKeeper.checkZk(RecoverableZooKeeper.java:145)
	at org.apache.hadoop.hbase.zookeeper.RecoverableZooKeeper.exists(RecoverableZooKeeper.java:222)
	at org.apache.hadoop.hbase.zookeeper.ZKUtil.checkExists(ZKUtil.java:479)
	at org.apache.hadoop.hbase.zookeeper.ZKClusterId.readClusterIdZNode(ZKClusterId.java:65)
	at org.apache.hadoop.hbase.client.ZooKeeperRegistry.getClusterId(ZooKeeperRegistry.java:83)
	at org.apache.hadoop.hbase.client.HConnectionManager$HConnectionImplementation.retrieveClusterId(HConnectionManager.java:839)
	at org.apache.hadoop.hbase.client.HConnectionManager$HConnectionImplementation.<init>(HConnectionManager.java:642)
	at sun.reflect.NativeConstructorAccessorImpl.newInstance0(Native Method)
	at sun.reflect.NativeConstructorAccessorImpl.newInstance(NativeConstructorAccessorImpl.java:57)
	at sun.reflect.DelegatingConstructorAccessorImpl.newInstance(DelegatingConstructorAccessorImpl.java:45)
	at java.lang.reflect.Constructor.newInstance(Constructor.java:526)
	at org.apache.hadoop.hbase.client.HConnectionManager.createConnection(HConnectionManager.java:411)
	at org.apache.hadoop.hbase.client.HConnectionManager.createConnection(HConnectionManager.java:390)
	at org.apache.hadoop.hbase.client.HConnectionManager.getConnection(HConnectionManager.java:271)
	at org.apache.hadoop.hbase.client.HBaseAdmin.<init>(HBaseAdmin.java:194)
	at com.gaotianye.springboot.spider.db.HbaseUtils.<init>(HbaseUtils.java:61)
	at sun.reflect.NativeConstructorAccessorImpl.newInstance0(Native Method)
	at sun.reflect.NativeConstructorAccessorImpl.newInstance(NativeConstructorAccessorImpl.java:57)
	at sun.reflect.DelegatingConstructorAccessorImpl.newInstance(DelegatingConstructorAccessorImpl.java:45)
	at java.lang.reflect.Constructor.newInstance(Constructor.java:526)
	at org.springframework.beans.BeanUtils.instantiateClass(BeanUtils.java:142)
	at org.springframework.beans.factory.support.SimpleInstantiationStrategy.instantiate(SimpleInstantiationStrategy.java:89)
	at org.springframework.beans.factory.support.AbstractAutowireCapableBeanFactory.instantiateBean(AbstractAutowireCapableBeanFactory.java:1108)
	at org.springframework.beans.factory.support.AbstractAutowireCapableBeanFactory.createBeanInstance(AbstractAutowireCapableBeanFactory.java:1060)
	at org.springframework.beans.factory.support.AbstractAutowireCapableBeanFactory.doCreateBean(AbstractAutowireCapableBeanFactory.java:513)
	at org.springframework.beans.factory.support.AbstractAutowireCapableBeanFactory.createBean(AbstractAutowireCapableBeanFactory.java:483)
	at org.springframework.beans.factory.support.AbstractBeanFactory$1.getObject(AbstractBeanFactory.java:306)
	at org.springframework.beans.factory.support.DefaultSingletonBeanRegistry.getSingleton(DefaultSingletonBeanRegistry.java:230)
	at org.springframework.beans.factory.support.AbstractBeanFactory.doGetBean(AbstractBeanFactory.java:302)
	at org.springframework.beans.factory.support.AbstractBeanFactory.getBean(AbstractBeanFactory.java:197)
	at org.springframework.beans.factory.support.DefaultListableBeanFactory.preInstantiateSingletons(DefaultListableBeanFactory.java:759)
	at org.springframework.context.support.AbstractApplicationContext.finishBeanFactoryInitialization(AbstractApplicationContext.java:866)
	at org.springframework.context.support.AbstractApplicationContext.refresh(AbstractApplicationContext.java:542)
	at org.springframework.boot.context.embedded.EmbeddedWebApplicationContext.refresh(EmbeddedWebApplicationContext.java:122)
	at org.springframework.boot.SpringApplication.refresh(SpringApplication.java:761)
	at org.springframework.boot.SpringApplication.refreshContext(SpringApplication.java:371)
	at org.springframework.boot.SpringApplication.run(SpringApplication.java:315)
	at com.gaotianye.springboot.spider.SpiderApplication.main(SpiderApplication.java:32)
2017-05-23 12:06:37.527 [main:5566] [org.apache.hadoop.util.Shell] - [ ERROR]  Failed to locate the winutils binary in the hadoop binary path
java.io.IOException: Could not locate executable null\bin\winutils.exe in the Hadoop binaries.
	at org.apache.hadoop.util.Shell.getQualifiedBinPath(Shell.java:278)
	at org.apache.hadoop.util.Shell.getWinUtilsPath(Shell.java:300)
	at org.apache.hadoop.util.Shell.<clinit>(Shell.java:293)
	at org.apache.hadoop.util.StringUtils.<clinit>(StringUtils.java:76)
	at org.apache.hadoop.conf.Configuration.getStrings(Configuration.java:1514)
	at org.apache.hadoop.hbase.zookeeper.ZKConfig.makeZKProps(ZKConfig.java:113)
	at org.apache.hadoop.hbase.zookeeper.ZKConfig.getZKQuorumServersString(ZKConfig.java:259)
	at org.apache.hadoop.hbase.zookeeper.ZooKeeperWatcher.<init>(ZooKeeperWatcher.java:159)
	at org.apache.hadoop.hbase.zookeeper.ZooKeeperWatcher.<init>(ZooKeeperWatcher.java:134)
	at org.apache.hadoop.hbase.client.ZooKeeperKeepAliveConnection.<init>(ZooKeeperKeepAliveConnection.java:43)
	at org.apache.hadoop.hbase.client.HConnectionManager$HConnectionImplementation.getKeepAliveZooKeeperWatcher(HConnectionManager.java:1748)
	at org.apache.hadoop.hbase.client.ZooKeeperRegistry.getClusterId(ZooKeeperRegistry.java:82)
	at org.apache.hadoop.hbase.client.HConnectionManager$HConnectionImplementation.retrieveClusterId(HConnectionManager.java:839)
	at org.apache.hadoop.hbase.client.HConnectionManager$HConnectionImplementation.<init>(HConnectionManager.java:642)
	at sun.reflect.NativeConstructorAccessorImpl.newInstance0(Native Method)
	at sun.reflect.NativeConstructorAccessorImpl.newInstance(NativeConstructorAccessorImpl.java:57)
	at sun.reflect.DelegatingConstructorAccessorImpl.newInstance(DelegatingConstructorAccessorImpl.java:45)
	at java.lang.reflect.Constructor.newInstance(Constructor.java:526)
	at org.apache.hadoop.hbase.client.HConnectionManager.createConnection(HConnectionManager.java:411)
	at org.apache.hadoop.hbase.client.HConnectionManager.createConnection(HConnectionManager.java:390)
	at org.apache.hadoop.hbase.client.HConnectionManager.getConnection(HConnectionManager.java:271)
	at org.apache.hadoop.hbase.client.HBaseAdmin.<init>(HBaseAdmin.java:194)
	at com.gaotianye.springboot.spider.db.HbaseUtils.<init>(HbaseUtils.java:61)
	at sun.reflect.NativeConstructorAccessorImpl.newInstance0(Native Method)
	at sun.reflect.NativeConstructorAccessorImpl.newInstance(NativeConstructorAccessorImpl.java:57)
	at sun.reflect.DelegatingConstructorAccessorImpl.newInstance(DelegatingConstructorAccessorImpl.java:45)
	at java.lang.reflect.Constructor.newInstance(Constructor.java:526)
	at org.springframework.beans.BeanUtils.instantiateClass(BeanUtils.java:142)
	at org.springframework.beans.factory.support.SimpleInstantiationStrategy.instantiate(SimpleInstantiationStrategy.java:89)
	at org.springframework.beans.factory.support.AbstractAutowireCapableBeanFactory.instantiateBean(AbstractAutowireCapableBeanFactory.java:1108)
	at org.springframework.beans.factory.support.AbstractAutowireCapableBeanFactory.createBeanInstance(AbstractAutowireCapableBeanFactory.java:1060)
	at org.springframework.beans.factory.support.AbstractAutowireCapableBeanFactory.doCreateBean(AbstractAutowireCapableBeanFactory.java:513)
	at org.springframework.beans.factory.support.AbstractAutowireCapableBeanFactory.createBean(AbstractAutowireCapableBeanFactory.java:483)
	at org.springframework.beans.factory.support.AbstractBeanFactory$1.getObject(AbstractBeanFactory.java:306)
	at org.springframework.beans.factory.support.DefaultSingletonBeanRegistry.getSingleton(DefaultSingletonBeanRegistry.java:230)
	at org.springframework.beans.factory.support.AbstractBeanFactory.doGetBean(AbstractBeanFactory.java:302)
	at org.springframework.beans.factory.support.AbstractBeanFactory.getBean(AbstractBeanFactory.java:197)
	at org.springframework.beans.factory.support.DefaultListableBeanFactory.preInstantiateSingletons(DefaultListableBeanFactory.java:759)
	at org.springframework.context.support.AbstractApplicationContext.finishBeanFactoryInitialization(AbstractApplicationContext.java:866)
	at org.springframework.context.support.AbstractApplicationContext.refresh(AbstractApplicationContext.java:542)
	at org.springframework.boot.context.embedded.EmbeddedWebApplicationContext.refresh(EmbeddedWebApplicationContext.java:122)
	at org.springframework.boot.SpringApplication.refresh(SpringApplication.java:761)
	at org.springframework.boot.SpringApplication.refreshContext(SpringApplication.java:371)
	at org.springframework.boot.SpringApplication.run(SpringApplication.java:315)
	at com.gaotianye.springboot.spider.SpiderApplication.main(SpiderApplication.java:32)
